<?xml version="1.0" encoding="UTF-8"?>
<!-- Generated by org.testng.reporters.JUnitReportReporter -->
<testsuite hostname="wqa-test-PC" name="com.mycompany.testUsingMaven.TestYahoo1" tests="1" failures="0" timestamp="20 Jul 2015 02:14:46 GMT" time="0.013" errors="0">
  <testcase name="testCompose" time="0.013" classname="com.mycompany.testUsingMaven.TestYahoo1"/>
</testsuite> <!-- com.mycompany.testUsingMaven.TestYahoo1 -->
