<?xml version="1.0" encoding="UTF-8"?>
<!-- Generated by org.testng.reporters.JUnitReportReporter -->
<testsuite hostname="wqa-test-PC" name="com.mycompany.testUsingMaven.TestYahoo1" tests="2" failures="0" timestamp="20 Jul 2015 02:36:34 GMT" time="5.041" errors="0">
  <testcase name="testCompose" time="0.000" classname="com.mycompany.testUsingMaven.TestYahoo1"/>
  <testcase name="tesBrowserOpen" time="5.041" classname="com.mycompany.testUsingMaven.TestYahoo1"/>
</testsuite> <!-- com.mycompany.testUsingMaven.TestYahoo1 -->
